<?xml version="1.0" encoding="UTF-8"?>
<!-- Generated by org.testng.reporters.JUnitXMLReporter -->
<testsuite ignored="0" hostname="DESKTOP-EM2EMIA" failures="0" tests="4" name="Default test" time="109.331" errors="0" timestamp="2024-07-21T16:32:13 IST">
  <testcase classname="logintests.day6test" name="validateLoginAttempt" time="64.272"/>
  <testcase classname="logintests.day6test" name="validateLoginAttempt" time="17.102"/>
  <testcase classname="logintests.day6test" name="validateLoginAttempt" time="13.6"/>
  <testcase classname="logintests.day6test" name="validateLoginAttempt" time="14.25"/>
</testsuite> <!-- Default test -->
