<?xml version="1.0" encoding="UTF-8"?>
<!-- Generated by org.testng.reporters.JUnitXMLReporter -->
<testsuite ignored="0" hostname="DESKTOP-EM2EMIA" failures="0" tests="4" name="Test" time="102.568" errors="0" timestamp="2024-07-16T19:31:56 IST">
  <testcase classname="logintests.AfterLogin" name="loginviaDataProvider" time="22.773"/>
  <testcase classname="logintests.AfterLogin" name="loginviaDataProvider" time="20.025"/>
  <testcase classname="logintests.AfterLogin" name="loginviaDataProvider" time="29.07"/>
  <testcase classname="logintests.AfterLogin" name="loginviaDataProvider" time="30.608"/>
</testsuite> <!-- Test -->
